<?xml version="1.0" encoding="UTF-8"?>
<!-- Generated by org.testng.reporters.JUnitReportReporter -->
<testsuite hostname="DESKTOP-QFCL18R" failures="0" tests="4" name="TestCase.TestCase" time="37.190" errors="0" timestamp="2022-07-25T23:44:52 IST" skipped="0">
  <testcase classname="TestCase.TestCase" name="multiplication" time="7.717"/>
  <system-out/>
  <testcase classname="TestCase.TestCase" name="division" time="8.072"/>
  <system-out/>
  <testcase classname="TestCase.TestCase" name="addition" time="11.277"/>
  <system-out/>
  <testcase classname="TestCase.TestCase" name="substraction" time="10.124"/>
  <system-out/>
</testsuite> <!-- TestCase.TestCase -->
