<?xml version="1.0" encoding="UTF-8"?>
<!-- Generated by org.testng.reporters.JUnitReportReporter -->
<testsuite hostname="DESKTOP-QFCL18R" failures="0" tests="4" name="TestCase.TestCase" time="40.333" errors="0" timestamp="2022-07-26T23:56:34 IST" skipped="0">
  <testcase classname="TestCase.TestCase" name="multiplication" time="12.190"/>
  <system-out/>
  <testcase classname="TestCase.TestCase" name="division" time="7.883"/>
  <system-out/>
  <testcase classname="TestCase.TestCase" name="addition" time="9.696"/>
  <system-out/>
  <testcase classname="TestCase.TestCase" name="substraction" time="10.564"/>
  <system-out/>
</testsuite> <!-- TestCase.TestCase -->
